<?xml version="1.0" encoding="UTF-8"?>
<!-- Generated by org.testng.reporters.JUnitReportReporter -->
<testsuite hostname="RAKESH" name="Test.Jenkins" tests="1" failures="0" timestamp="30 Jun 2021 14:41:28 GMT" time="27.012" errors="0">
  <testcase name="login" time="27.012" classname="Test.Jenkins"/>
</testsuite> <!-- Test.Jenkins -->
